0 info it worked if it ends with ok
1 verbose cli [ '/Users/taminov/.nvm/versions/node/v4.4.7/bin/node',
1 verbose cli   '/Users/taminov/.nvm/versions/node/v4.4.7/bin/npm',
1 verbose cli   'run',
1 verbose cli   'release' ]
2 info using npm@2.15.8
3 info using node@v4.4.7
4 verbose stack Error: missing script: release
4 verbose stack     at run (/Users/taminov/.nvm/versions/node/v4.4.7/lib/node_modules/npm/lib/run-script.js:142:19)
4 verbose stack     at /Users/taminov/.nvm/versions/node/v4.4.7/lib/node_modules/npm/lib/run-script.js:58:5
4 verbose stack     at /Users/taminov/.nvm/versions/node/v4.4.7/lib/node_modules/npm/node_modules/read-package-json/read-json.js:356:5
4 verbose stack     at checkBinReferences_ (/Users/taminov/.nvm/versions/node/v4.4.7/lib/node_modules/npm/node_modules/read-package-json/read-json.js:320:45)
4 verbose stack     at final (/Users/taminov/.nvm/versions/node/v4.4.7/lib/node_modules/npm/node_modules/read-package-json/read-json.js:354:3)
4 verbose stack     at then (/Users/taminov/.nvm/versions/node/v4.4.7/lib/node_modules/npm/node_modules/read-package-json/read-json.js:124:5)
4 verbose stack     at /Users/taminov/.nvm/versions/node/v4.4.7/lib/node_modules/npm/node_modules/read-package-json/read-json.js:311:12
4 verbose stack     at /Users/taminov/.nvm/versions/node/v4.4.7/lib/node_modules/npm/node_modules/graceful-fs/graceful-fs.js:78:16
4 verbose stack     at FSReqWrap.readFileAfterClose [as oncomplete] (fs.js:380:3)
5 verbose cwd /Users/taminov/Development/test-version
6 error Darwin 15.6.0
7 error argv "/Users/taminov/.nvm/versions/node/v4.4.7/bin/node" "/Users/taminov/.nvm/versions/node/v4.4.7/bin/npm" "run" "release"
8 error node v4.4.7
9 error npm  v2.15.8
10 error missing script: release
11 error If you need help, you may report this error at:
11 error     <https://github.com/npm/npm/issues>
12 verbose exit [ 1, true ]
